<?xml version="1.0" encoding="UTF-8"?>
<testng-results skipped="0" failed="0" ignored="0" total="1" passed="1">
  <reporter-output>
    <line>
      <![CDATA[testA....]]>
    </line>
  </reporter-output>
  <suite name="Default suite" duration-ms="142" started-at="2018-01-05T07:50:13Z" finished-at="2018-01-05T07:50:14Z">
    <groups>
    </groups>
    <test name="Default test" duration-ms="142" started-at="2018-01-05T07:50:13Z" finished-at="2018-01-05T07:50:14Z">
      <class name="listenerDelete.TestListener">
        <test-method status="PASS" signature="testA()[pri:0, instance:listenerDelete.TestListener@7d70d1b1]" name="testA" duration-ms="32" started-at="2018-01-05T13:20:13Z" finished-at="2018-01-05T13:20:14Z">
          <reporter-output>
            <line>
              <![CDATA[testA....]]>
            </line>
          </reporter-output>
        </test-method> <!-- testA -->
      </class> <!-- listenerDelete.TestListener -->
    </test> <!-- Default test -->
  </suite> <!-- Default suite -->
</testng-results>
